<?xml version="1.0" encoding="UTF-8"?>
<testsuite xmlns:xsi="http://www.w3.org/2001/XMLSchema-instance" xsi:noNamespaceSchemaLocation="https://maven.apache.org/surefire/maven-surefire-plugin/xsd/surefire-test-report.xsd" name="com.abernathyclinic.mediscreen.PatientNoteControllerTest" time="0.609" tests="5" errors="0" skipped="0" failures="0">
  <properties>
[...]
</properties>
  <testcase name="findPatientNoteById" classname="com.abernathyclinic.mediscreen.PatientNoteControllerTest" time="0.018"/>
  <testcase name="deletePatient" classname="com.abernathyclinic.mediscreen.PatientNoteControllerTest" time="0.005"/>
  <testcase name="findAllPatientsNotes" classname="com.abernathyclinic.mediscreen.PatientNoteControllerTest" time="0.011"/>
  <testcase name="savePatientNote" classname="com.abernathyclinic.mediscreen.PatientNoteControllerTest" time="0.003"/>
  <testcase name="updatePatient" classname="com.abernathyclinic.mediscreen.PatientNoteControllerTest" time="0.003"/>
</testsuite>